0 verbose cli /usr/local/bin/node /usr/local/bin/npm
1 info using npm@11.13.0
2 info using node@v24.16.0
3 silly config load:file:/usr/local/lib/node_modules/npm/npmrc
4 silly config load:file:/Users/ken/Desktop/Gas/.npmrc
5 silly config load:file:/Users/ken/.npmrc
6 silly config load:file:/usr/local/etc/npmrc
7 verbose title npm install motion @hugeicons/react @hugeicons/core-free-icons
8 verbose argv "install" "motion" "@hugeicons/react" "@hugeicons/core-free-icons" "--cache" "/Users/ken/Desktop/Gas/.npm-cache"
9 verbose logfile logs-max:10 dir:/Users/ken/Desktop/Gas/.npm-cache/_logs/2026-05-27T16_45_14_453Z-
10 verbose logfile /Users/ken/Desktop/Gas/.npm-cache/_logs/2026-05-27T16_45_14_453Z-debug-0.log
11 silly logfile done cleaning log files
12 silly packumentCache heap:4496293888 maxSize:1124073472 maxEntrySize:562036736
13 silly idealTree buildDeps
14 silly fetch manifest motion@*
15 silly packumentCache full:https://registry.npmjs.org/motion cache-miss
16 http fetch GET 200 https://registry.npmjs.org/npm 2021ms
17 http fetch GET 200 https://registry.npmjs.org/motion 1337ms (cache miss)
18 silly packumentCache full:https://registry.npmjs.org/motion set size:undefined disposed:false
19 silly fetch manifest @emotion/is-prop-valid@*
20 silly packumentCache full:https://registry.npmjs.org/@emotion%2fis-prop-valid cache-miss
21 http fetch GET 200 https://registry.npmjs.org/@emotion%2fis-prop-valid 991ms (cache miss)
22 silly packumentCache full:https://registry.npmjs.org/@emotion%2fis-prop-valid set size:undefined disposed:false
23 silly fetch manifest react@^18.3.1
24 silly packumentCache full:https://registry.npmjs.org/react cache-miss
25 http fetch GET 200 https://registry.npmjs.org/react 552ms (cache miss)
26 silly packumentCache full:https://registry.npmjs.org/react set size:undefined disposed:false
27 silly fetch manifest react-dom@^18.3.1
28 silly packumentCache full:https://registry.npmjs.org/react-dom cache-miss
29 http fetch GET 200 https://registry.npmjs.org/react-dom 527ms (cache miss)
30 silly packumentCache full:https://registry.npmjs.org/react-dom set size:undefined disposed:false
31 silly fetch manifest @hugeicons/react@*
32 silly packumentCache full:https://registry.npmjs.org/@hugeicons%2freact cache-miss
33 http fetch GET 200 https://registry.npmjs.org/@hugeicons%2freact 677ms (cache miss)
34 silly packumentCache full:https://registry.npmjs.org/@hugeicons%2freact set size:undefined disposed:false
35 silly fetch manifest @hugeicons/core-free-icons@*
36 silly packumentCache full:https://registry.npmjs.org/@hugeicons%2fcore-free-icons cache-miss
37 http fetch GET 200 https://registry.npmjs.org/@hugeicons%2fcore-free-icons 989ms (cache miss)
38 silly packumentCache full:https://registry.npmjs.org/@hugeicons%2fcore-free-icons set size:undefined disposed:false
39 silly placeDep ROOT @hugeicons/core-free-icons@4.1.4 OK for: wana-energy-solutions@1.0.0 want: *
40 silly placeDep ROOT @hugeicons/react@1.1.6 OK for: wana-energy-solutions@1.0.0 want: *
41 silly placeDep ROOT motion@12.40.0 OK for: wana-energy-solutions@1.0.0 want: *
42 silly fetch manifest framer-motion@^12.40.0
43 silly packumentCache full:https://registry.npmjs.org/framer-motion cache-miss
44 http fetch GET 200 https://registry.npmjs.org/framer-motion 505ms (cache miss)
45 silly packumentCache full:https://registry.npmjs.org/framer-motion set size:undefined disposed:false
46 silly fetch manifest react@^18.0.0 || ^19.0.0
47 silly packumentCache full:https://registry.npmjs.org/react cache-miss
48 http cache https://registry.npmjs.org/react 82ms (cache hit)
49 silly packumentCache full:https://registry.npmjs.org/react set size:6655171 disposed:false
50 silly fetch manifest react-dom@^18.0.0 || ^19.0.0
51 silly packumentCache full:https://registry.npmjs.org/react-dom cache-miss
52 http cache https://registry.npmjs.org/react-dom 71ms (cache hit)
53 silly packumentCache full:https://registry.npmjs.org/react-dom set size:8876176 disposed:false
54 silly placeDep node_modules/motion framer-motion@12.40.0 OK for: motion@12.40.0 want: ^12.40.0
55 silly fetch manifest motion-dom@^12.40.0
56 silly packumentCache full:https://registry.npmjs.org/motion-dom cache-miss
57 silly fetch manifest motion-utils@^12.39.0
58 silly packumentCache full:https://registry.npmjs.org/motion-utils cache-miss
59 http fetch GET 200 https://registry.npmjs.org/motion-utils 419ms (cache miss)
60 silly packumentCache full:https://registry.npmjs.org/motion-utils set size:undefined disposed:false
61 http fetch GET 200 https://registry.npmjs.org/motion-dom 692ms (cache miss)
62 silly packumentCache full:https://registry.npmjs.org/motion-dom set size:undefined disposed:false
63 silly placeDep node_modules/motion motion-dom@12.40.0 OK for: framer-motion@12.40.0 want: ^12.40.0
64 silly placeDep node_modules/motion motion-utils@12.39.0 OK for: framer-motion@12.40.0 want: ^12.39.0
65 silly reify moves {}
66 silly audit bulk request {
66 silly audit   '@alloc/quick-lru': [ '5.2.0' ],
66 silly audit   '@emnapi/core': [ '1.10.0' ],
66 silly audit   '@emnapi/runtime': [ '1.10.0' ],
66 silly audit   '@emnapi/wasi-threads': [ '1.2.1' ],
66 silly audit   '@eslint-community/eslint-utils': [ '4.9.1' ],
66 silly audit   'eslint-visitor-keys': [ '3.4.3', '5.0.1', '4.2.1' ],
66 silly audit   '@eslint-community/regexpp': [ '4.12.2' ],
66 silly audit   '@eslint/config-array': [ '0.21.2' ],
66 silly audit   '@eslint/config-helpers': [ '0.4.2' ],
66 silly audit   '@eslint/core': [ '0.17.0' ],
66 silly audit   '@eslint/eslintrc': [ '3.3.5' ],
66 silly audit   '@eslint/js': [ '9.39.4' ],
66 silly audit   '@eslint/object-schema': [ '2.1.7' ],
66 silly audit   '@eslint/plugin-kit': [ '0.4.1' ],
66 silly audit   '@floating-ui/core': [ '1.7.5' ],
66 silly audit   '@floating-ui/dom': [ '1.7.6' ],
66 silly audit   '@floating-ui/react-dom': [ '2.1.8' ],
66 silly audit   '@floating-ui/utils': [ '0.2.11' ],
66 silly audit   '@humanfs/core': [ '0.19.2' ],
66 silly audit   '@humanfs/node': [ '0.16.8' ],
66 silly audit   '@humanfs/types': [ '0.15.0' ],
66 silly audit   '@humanwhocodes/module-importer': [ '1.0.1' ],
66 silly audit   '@humanwhocodes/retry': [ '0.4.3' ],
66 silly audit   '@img/sharp-darwin-arm64': [ '0.33.5' ],
66 silly audit   '@img/sharp-darwin-x64': [ '0.33.5' ],
66 silly audit   '@img/sharp-libvips-darwin-arm64': [ '1.0.4' ],
66 silly audit   '@img/sharp-libvips-darwin-x64': [ '1.0.4' ],
66 silly audit   '@img/sharp-libvips-linux-arm': [ '1.0.5' ],
66 silly audit   '@img/sharp-libvips-linux-arm64': [ '1.0.4' ],
66 silly audit   '@img/sharp-libvips-linux-s390x': [ '1.0.4' ],
66 silly audit   '@img/sharp-libvips-linux-x64': [ '1.0.4' ],
66 silly audit   '@img/sharp-libvips-linuxmusl-arm64': [ '1.0.4' ],
66 silly audit   '@img/sharp-libvips-linuxmusl-x64': [ '1.0.4' ],
66 silly audit   '@img/sharp-linux-arm': [ '0.33.5' ],
66 silly audit   '@img/sharp-linux-arm64': [ '0.33.5' ],
66 silly audit   '@img/sharp-linux-s390x': [ '0.33.5' ],
66 silly audit   '@img/sharp-linux-x64': [ '0.33.5' ],
66 silly audit   '@img/sharp-linuxmusl-arm64': [ '0.33.5' ],
66 silly audit   '@img/sharp-linuxmusl-x64': [ '0.33.5' ],
66 silly audit   '@img/sharp-wasm32': [ '0.33.5' ],
66 silly audit   '@img/sharp-win32-ia32': [ '0.33.5' ],
66 silly audit   '@img/sharp-win32-x64': [ '0.33.5' ],
66 silly audit   '@jridgewell/gen-mapping': [ '0.3.13' ],
66 silly audit   '@jridgewell/resolve-uri': [ '3.1.2' ],
66 silly audit   '@jridgewell/sourcemap-codec': [ '1.5.5' ],
66 silly audit   '@jridgewell/trace-mapping': [ '0.3.31' ],
66 silly audit   '@mapbox/jsonlint-lines-primitives': [ '2.0.2' ],
66 silly audit   '@mapbox/point-geometry': [ '1.1.0' ],
66 silly audit   '@mapbox/tiny-sdf': [ '2.2.0' ],
66 silly audit   '@mapbox/unitbezier': [ '0.0.1' ],
66 silly audit   '@mapbox/vector-tile': [ '2.0.5' ],
66 silly audit   '@mapbox/whoots-js': [ '3.1.0' ],
66 silly audit   '@maplibre/geojson-vt': [ '6.1.0', '5.0.4' ],
66 silly audit   '@maplibre/maplibre-gl-style-spec': [ '24.8.5' ],
66 silly audit   '@maplibre/mlt': [ '1.1.10' ],
66 silly audit   '@maplibre/vt-pbf': [ '4.3.0' ],
66 silly audit   '@napi-rs/wasm-runtime': [ '1.1.4' ],
66 silly audit   '@next/env': [ '15.0.3' ],
66 silly audit   '@next/eslint-plugin-next': [ '15.0.3' ],
66 silly audit   '@next/swc-darwin-arm64': [ '15.0.3' ],
66 silly audit   '@next/swc-darwin-x64': [ '15.0.3' ],
66 silly audit   '@next/swc-linux-arm64-gnu': [ '15.0.3' ],
66 silly audit   '@next/swc-linux-arm64-musl': [ '15.0.3' ],
66 silly audit   '@next/swc-linux-x64-gnu': [ '15.0.3' ],
66 silly audit   '@next/swc-linux-x64-musl': [ '15.0.3' ],
66 silly audit   '@next/swc-win32-arm64-msvc': [ '15.0.3' ],
66 silly audit   '@next/swc-win32-x64-msvc': [ '15.0.3' ],
66 silly audit   '@nodelib/fs.scandir': [ '2.1.5' ],
66 silly audit   '@nodelib/fs.stat': [ '2.0.5' ],
66 silly audit   '@nodelib/fs.walk': [ '1.2.8' ],
66 silly audit   '@nolyfill/is-core-module': [ '1.0.39' ],
66 silly audit   '@radix-ui/primitive': [ '1.1.3' ],
66 silly audit   '@radix-ui/react-accordion': [ '1.2.12' ],
66 silly audit   '@radix-ui/react-arrow': [ '1.1.7' ],
66 silly audit   '@radix-ui/react-collapsible': [ '1.1.12' ],
66 silly audit   '@radix-ui/react-collection': [ '1.1.7' ],
66 silly audit   '@radix-ui/react-slot': [ '1.2.3', '1.2.4' ],
66 silly audit   '@radix-ui/react-compose-refs': [ '1.1.2' ],
66 silly audit   '@radix-ui/react-context': [ '1.1.2' ],
66 silly audit   '@radix-ui/react-dialog': [ '1.1.15' ],
66 silly audit   '@radix-ui/react-direction': [ '1.1.1' ],
66 silly audit   '@radix-ui/react-dismissable-layer': [ '1.1.11' ],
66 silly audit   '@radix-ui/react-dropdown-menu': [ '2.1.16' ],
66 silly audit   '@radix-ui/react-focus-guards': [ '1.1.3' ],
66 silly audit   '@radix-ui/react-focus-scope': [ '1.1.7' ],
66 silly audit   '@radix-ui/react-id': [ '1.1.1' ],
66 silly audit   '@radix-ui/react-label': [ '2.1.8' ],
66 silly audit   '@radix-ui/react-primitive': [ '2.1.4', '2.1.3' ],
66 silly audit   '@radix-ui/react-menu': [ '2.1.16' ],
66 silly audit   '@radix-ui/react-navigation-menu': [ '1.2.14' ],
66 silly audit   '@radix-ui/react-popper': [ '1.2.8' ],
66 silly audit   '@radix-ui/react-portal': [ '1.1.9' ],
66 silly audit   '@radix-ui/react-presence': [ '1.1.5' ],
66 silly audit   '@radix-ui/react-roving-focus': [ '1.1.11' ],
66 silly audit   '@radix-ui/react-tabs': [ '1.1.13' ],
66 silly audit   '@radix-ui/react-tooltip': [ '1.2.8' ],
66 silly audit   '@radix-ui/react-use-callback-ref': [ '1.1.1' ],
66 silly audit   '@radix-ui/react-use-controllable-state': [ '1.2.2' ],
66 silly audit   '@radix-ui/react-use-effect-event': [ '0.0.2' ],
66 silly audit   '@radix-ui/react-use-escape-keydown': [ '1.1.1' ],
66 silly audit   '@radix-ui/react-use-layout-effect': [ '1.1.1' ],
66 silly audit   '@radix-ui/react-use-previous': [ '1.1.1' ],
66 silly audit   '@radix-ui/react-use-rect': [ '1.1.1' ],
66 silly audit   '@radix-ui/react-use-size': [ '1.1.1' ],
66 silly audit   '@radix-ui/react-visually-hidden': [ '1.2.3' ],
66 silly audit   '@radix-ui/rect': [ '1.1.1' ],
66 silly audit   '@rtsao/scc': [ '1.1.0' ],
66 silly audit   '@rushstack/eslint-patch': [ '1.16.1' ],
66 silly audit   '@swc/counter': [ '0.1.3' ],
66 silly audit   '@swc/helpers': [ '0.5.13' ],
66 silly audit   '@tybys/wasm-util': [ '0.10.2' ],
66 silly audit   '@types/estree': [ '1.0.9' ],
66 silly audit   '@types/geojson': [ '7946.0.16' ],
66 silly audit   '@types/json-schema': [ '7.0.15' ],
66 silly audit   '@types/json5': [ '0.0.29' ],
66 silly audit   '@types/node': [ '22.19.19' ],
66 silly audit   '@types/prop-types': [ '15.7.15' ],
66 silly audit   '@types/react': [ '18.3.29' ],
66 silly audit   '@types/react-dom': [ '18.3.7' ],
66 silly audit   '@types/supercluster': [ '7.1.3' ],
66 silly audit   '@typescript-eslint/eslint-plugin': [ '8.60.0' ],
66 silly audit   ignore: [ '7.0.5', '5.3.2' ],
66 silly audit   '@typescript-eslint/parser': [ '8.60.0' ],
66 silly audit   '@typescript-eslint/project-service': [ '8.60.0' ],
66 silly audit   '@typescript-eslint/scope-manager': [ '8.60.0' ],
66 silly audit   '@typescript-eslint/tsconfig-utils': [ '8.60.0' ],
66 silly audit   '@typescript-eslint/type-utils': [ '8.60.0' ],
66 silly audit   '@typescript-eslint/types': [ '8.60.0' ],
66 silly audit   '@typescript-eslint/typescript-estree': [ '8.60.0' ],
66 silly audit   'balanced-match': [ '4.0.4', '1.0.2' ],
66 silly audit   'brace-expansion': [ '5.0.6', '1.1.15' ],
66 silly audit   minimatch: [ '10.2.5', '3.1.5' ],
66 silly audit   '@typescript-eslint/utils': [ '8.60.0' ],
66 silly audit   '@typescript-eslint/visitor-keys': [ '8.60.0' ],
66 silly audit   '@unrs/resolver-binding-android-arm-eabi': [ '1.12.2' ],
66 silly audit   '@unrs/resolver-binding-android-arm64': [ '1.12.2' ],
66 silly audit   '@unrs/resolver-binding-darwin-arm64': [ '1.12.2' ],
66 silly audit   '@unrs/resolver-binding-darwin-x64': [ '1.12.2' ],
66 silly audit   '@unrs/resolver-binding-freebsd-x64': [ '1.12.2' ],
66 silly audit   '@unrs/resolver-binding-linux-arm-gnueabihf': [ '1.12.2' ],
66 silly audit   '@unrs/resolver-binding-linux-arm-musleabihf': [ '1.12.2' ],
66 silly audit   '@unrs/resolver-binding-linux-arm64-gnu': [ '1.12.2' ],
66 silly audit   '@unrs/resolver-binding-linux-arm64-musl': [ '1.12.2' ],
66 silly audit   '@unrs/resolver-binding-linux-loong64-gnu': [ '1.12.2' ],
66 silly audit   '@unrs/resolver-binding-linux-loong64-musl': [ '1.12.2' ],
66 silly audit   '@unrs/resolver-binding-linux-ppc64-gnu': [ '1.12.2' ],
66 silly audit   '@unrs/resolver-binding-linux-riscv64-gnu': [ '1.12.2' ],
66 silly audit   '@unrs/resolver-binding-linux-riscv64-musl': [ '1.12.2' ],
66 silly audit   '@unrs/resolver-binding-linux-s390x-gnu': [ '1.12.2' ],
66 silly audit   '@unrs/resolver-binding-linux-x64-gnu': [ '1.12.2' ],
66 silly audit   '@unrs/resolver-binding-linux-x64-musl': [ '1.12.2' ],
66 silly audit   '@unrs/resolver-binding-openharmony-arm64': [ '1.12.2' ],
66 silly audit   '@unrs/resolver-binding-wasm32-wasi': [ '1.12.2' ],
66 silly audit   '@unrs/resolver-binding-win32-arm64-msvc': [ '1.12.2' ],
66 silly audit   '@unrs/resolver-binding-win32-ia32-msvc': [ '1.12.2' ],
66 silly audit   '@unrs/resolver-binding-win32-x64-msvc': [ '1.12.2' ],
66 silly audit   acorn: [ '8.16.0' ],
66 silly audit   'acorn-jsx': [ '5.3.2' ],
66 silly audit   ajv: [ '6.15.0' ],
66 silly audit   'ansi-styles': [ '4.3.0' ],
66 silly audit   'any-promise': [ '1.3.0' ],
66 silly audit   anymatch: [ '3.1.3' ],
66 silly audit   arg: [ '5.0.2' ],
66 silly audit   argparse: [ '2.0.1' ],
66 silly audit   'aria-hidden': [ '1.2.6' ],
66 silly audit   'aria-query': [ '5.3.2' ],
66 silly audit   'array-buffer-byte-length': [ '1.0.2' ],
66 silly audit   'array-includes': [ '3.1.9' ],
66 silly audit   'array.prototype.findlast': [ '1.2.5' ],
66 silly audit   'array.prototype.findlastindex': [ '1.2.6' ],
66 silly audit   'array.prototype.flat': [ '1.3.3' ],
66 silly audit   'array.prototype.flatmap': [ '1.3.3' ],
66 silly audit   'array.prototype.tosorted': [ '1.1.4' ],
66 silly audit   'arraybuffer.prototype.slice': [ '1.0.4' ],
66 silly audit   'ast-types-flow': [ '0.0.8' ],
66 silly audit   'async-function': [ '1.0.0' ],
66 silly audit   autoprefixer: [ '10.5.0' ],
66 silly audit   'available-typed-arrays': [ '1.0.7' ],
66 silly audit   'axe-core': [ '4.11.4' ],
66 silly audit   'axobject-query': [ '4.1.0' ],
66 silly audit   'baseline-browser-mapping': [ '2.10.32' ],
66 silly audit   'binary-extensions': [ '2.3.0' ],
66 silly audit   braces: [ '3.0.3' ],
66 silly audit   browserslist: [ '4.28.2' ],
66 silly audit   busboy: [ '1.6.0' ],
66 silly audit   'call-bind': [ '1.0.9' ],
66 silly audit   'call-bind-apply-helpers': [ '1.0.2' ],
66 silly audit   'call-bound': [ '1.0.4' ],
66 silly audit   callsites: [ '3.1.0' ],
66 silly audit   'camelcase-css': [ '2.0.1' ],
66 silly audit   'caniuse-lite': [ '1.0.30001793' ],
66 silly audit   chalk: [ '4.1.2' ],
66 silly audit   chokidar: [ '3.6.0' ],
66 silly audit   'glob-parent': [ '5.1.2', '6.0.2' ],
66 silly audit   'class-variance-authority': [ '0.7.1' ],
66 silly audit   'client-only': [ '0.0.1' ],
66 silly audit   clsx: [ '2.1.1' ],
66 silly audit   color: [ '4.2.3' ],
66 silly audit   'color-convert': [ '2.0.1' ],
66 silly audit   'color-name': [ '1.1.4' ],
66 silly audit   'color-string': [ '1.9.1' ],
66 silly audit   commander: [ '4.1.1' ],
66 silly audit   'concat-map': [ '0.0.1' ],
66 silly audit   'cross-spawn': [ '7.0.6' ],
66 silly audit   cssesc: [ '3.0.0' ],
66 silly audit   csstype: [ '3.2.3' ],
66 silly audit   'damerau-levenshtein': [ '1.0.8' ],
66 silly audit   'data-view-buffer': [ '1.0.2' ],
66 silly audit   'data-view-byte-length': [ '1.0.2' ],
66 silly audit   'data-view-byte-offset': [ '1.0.1' ],
66 silly audit   debug: [ '4.4.3', '3.2.7' ],
66 silly audit   'deep-is': [ '0.1.4' ],
66 silly audit   'define-data-property': [ '1.1.4' ],
66 silly audit   'define-properties': [ '1.2.1' ],
66 silly audit   'detect-libc': [ '2.1.2' ],
66 silly audit   'detect-node-es': [ '1.1.0' ],
66 silly audit   didyoumean: [ '1.2.2' ],
66 silly audit   dlv: [ '1.1.3' ],
66 silly audit   doctrine: [ '2.1.0' ],
66 silly audit   'dunder-proto': [ '1.0.1' ],
66 silly audit   earcut: [ '3.0.2' ],
66 silly audit   'electron-to-chromium': [ '1.5.361' ],
66 silly audit   'emoji-regex': [ '9.2.2' ],
66 silly audit   'es-abstract': [ '1.24.2' ],
66 silly audit   'es-define-property': [ '1.0.1' ],
66 silly audit   'es-errors': [ '1.3.0' ],
66 silly audit   'es-iterator-helpers': [ '1.3.2' ],
66 silly audit   'es-object-atoms': [ '1.1.2' ],
66 silly audit   'es-set-tostringtag': [ '2.1.0' ],
66 silly audit   'es-shim-unscopables': [ '1.1.0' ],
66 silly audit   'es-to-primitive': [ '1.3.0' ],
66 silly audit   escalade: [ '3.2.0' ],
66 silly audit   'escape-string-regexp': [ '4.0.0' ],
66 silly audit   eslint: [ '9.39.4' ],
66 silly audit   'eslint-config-next': [ '15.0.3' ],
66 silly audit   'eslint-import-resolver-node': [ '0.3.10' ],
66 silly audit   'eslint-import-resolver-typescript': [ '3.10.1' ],
66 silly audit   'eslint-module-utils': [ '2.12.1' ],
66 silly audit   'eslint-plugin-import': [ '2.32.0' ],
66 silly audit   semver: [ '6.3.1', '7.8.1' ],
66 silly audit   'eslint-plugin-jsx-a11y': [ '6.10.2' ],
66 silly audit   'eslint-plugin-react': [ '7.37.5' ],
66 silly audit   'eslint-plugin-react-hooks': [ '5.2.0' ],
66 silly audit   'eslint-scope': [ '8.4.0' ],
66 silly audit   espree: [ '10.4.0' ],
66 silly audit   esquery: [ '1.7.0' ],
66 silly audit   esrecurse: [ '4.3.0' ],
66 silly audit   estraverse: [ '5.3.0' ],
66 silly audit   esutils: [ '2.0.3' ],
66 silly audit   'fast-deep-equal': [ '3.1.3' ],
66 silly audit   'fast-glob': [ '3.3.1', '3.3.3' ],
66 silly audit   'fast-json-stable-stringify': [ '2.1.0' ],
66 silly audit   'fast-levenshtein': [ '2.0.6' ],
66 silly audit   fastq: [ '1.20.1' ],
66 silly audit   'file-entry-cache': [ '8.0.0' ],
66 silly audit   'fill-range': [ '7.1.1' ],
66 silly audit   'find-up': [ '5.0.0' ],
66 silly audit   'flat-cache': [ '4.0.1' ],
66 silly audit   flatted: [ '3.4.2' ],
66 silly audit   'for-each': [ '0.3.5' ],
66 silly audit   'fraction.js': [ '5.3.4' ],
66 silly audit   'framer-motion': [ '11.18.2', '12.40.0' ],
66 silly audit   fsevents: [ '2.3.3' ],
66 silly audit   'function-bind': [ '1.1.2' ],
66 silly audit   'function.prototype.name': [ '1.1.8' ],
66 silly audit   'functions-have-names': [ '1.2.3' ],
66 silly audit   'generator-function': [ '2.0.1' ],
66 silly audit   'get-intrinsic': [ '1.3.0' ],
66 silly audit   'get-nonce': [ '1.0.1' ],
66 silly audit   'get-proto': [ '1.0.1' ],
66 silly audit   'get-symbol-description': [ '1.1.0' ],
66 silly audit   'get-tsconfig': [ '4.14.0' ],
66 silly audit   'gl-matrix': [ '3.4.4' ],
66 silly audit   globals: [ '14.0.0' ],
66 silly audit   globalthis: [ '1.0.4' ],
66 silly audit   gopd: [ '1.2.0' ],
66 silly audit   gsap: [ '3.15.0' ],
66 silly audit   'has-bigints': [ '1.1.0' ],
66 silly audit   'has-flag': [ '4.0.0' ],
66 silly audit   'has-property-descriptors': [ '1.0.2' ],
66 silly audit   'has-proto': [ '1.2.0' ],
66 silly audit   'has-symbols': [ '1.1.0' ],
66 silly audit   'has-tostringtag': [ '1.0.2' ],
66 silly audit   hasown: [ '2.0.3' ],
66 silly audit   'import-fresh': [ '3.3.1' ],
66 silly audit   imurmurhash: [ '0.1.4' ],
66 silly audit   'internal-slot': [ '1.1.0' ],
66 silly audit   'is-array-buffer': [ '3.0.5' ],
66 silly audit   'is-arrayish': [ '0.3.4' ],
66 silly audit   'is-async-function': [ '2.1.1' ],
66 silly audit   'is-bigint': [ '1.1.0' ],
66 silly audit   'is-binary-path': [ '2.1.0' ],
66 silly audit   'is-boolean-object': [ '1.2.2' ],
66 silly audit   'is-bun-module': [ '2.0.0' ],
66 silly audit   'is-callable': [ '1.2.7' ],
66 silly audit   'is-core-module': [ '2.16.2' ],
66 silly audit   'is-data-view': [ '1.0.2' ],
66 silly audit   'is-date-object': [ '1.1.0' ],
66 silly audit   'is-extglob': [ '2.1.1' ],
66 silly audit   'is-finalizationregistry': [ '1.1.1' ],
66 silly audit   'is-generator-function': [ '1.1.2' ],
66 silly audit   'is-glob': [ '4.0.3' ],
66 silly audit   'is-map': [ '2.0.3' ],
66 silly audit   'is-negative-zero': [ '2.0.3' ],
66 silly audit   'is-number': [ '7.0.0' ],
66 silly audit   'is-number-object': [ '1.1.1' ],
66 silly audit   'is-regex': [ '1.2.1' ],
66 silly audit   'is-set': [ '2.0.3' ],
66 silly audit   'is-shared-array-buffer': [ '1.0.4' ],
66 silly audit   'is-string': [ '1.1.1' ],
66 silly audit   'is-symbol': [ '1.1.1' ],
66 silly audit   'is-typed-array': [ '1.1.15' ],
66 silly audit   'is-weakmap': [ '2.0.2' ],
66 silly audit   'is-weakref': [ '1.1.1' ],
66 silly audit   'is-weakset': [ '2.0.4' ],
66 silly audit   isarray: [ '2.0.5' ],
66 silly audit   isexe: [ '2.0.0' ],
66 silly audit   'iterator.prototype': [ '1.1.5' ],
66 silly audit   jiti: [ '1.21.7' ],
66 silly audit   'js-tokens': [ '4.0.0' ],
66 silly audit   'js-yaml': [ '4.1.1' ],
66 silly audit   'json-buffer': [ '3.0.1' ],
66 silly audit   'json-schema-traverse': [ '0.4.1' ],
66 silly audit   'json-stable-stringify-without-jsonify': [ '1.0.1' ],
66 silly audit   'json-stringify-pretty-compact': [ '4.0.0' ],
66 silly audit   json5: [ '1.0.2' ],
66 silly audit   'jsx-ast-utils': [ '3.3.5' ],
66 silly audit   kdbush: [ '4.1.0' ],
66 silly audit   keyv: [ '4.5.4' ],
66 silly audit   'language-subtag-registry': [ '0.3.23' ],
66 silly audit   'language-tags': [ '1.0.9' ],
66 silly audit   levn: [ '0.4.1' ],
66 silly audit   lilconfig: [ '3.1.3' ],
66 silly audit   'lines-and-columns': [ '1.2.4' ],
66 silly audit   'locate-path': [ '6.0.0' ],
66 silly audit   'lodash.merge': [ '4.6.2' ],
66 silly audit   'loose-envify': [ '1.4.0' ],
66 silly audit   'lucide-react': [ '0.460.0' ],
66 silly audit   'maplibre-gl': [ '5.24.0' ],
66 silly audit   'math-intrinsics': [ '1.1.0' ],
66 silly audit   merge2: [ '1.4.1' ],
66 silly audit   micromatch: [ '4.0.8' ],
66 silly audit   minimist: [ '1.2.8' ],
66 silly audit   'motion-dom': [ '11.18.1', '12.40.0' ],
66 silly audit   'motion-utils': [ '11.18.1', '12.39.0' ],
66 silly audit   ms: [ '2.1.3' ],
66 silly audit   'murmurhash-js': [ '1.0.0' ],
66 silly audit   mz: [ '2.7.0' ],
66 silly audit   nanoid: [ '3.3.12' ],
66 silly audit   'napi-postinstall': [ '0.3.4' ],
66 silly audit   'natural-compare': [ '1.4.0' ],
66 silly audit   next: [ '15.0.3' ],
66 silly audit   'next-themes': [ '0.4.6' ],
66 silly audit   postcss: [ '8.4.31', '8.5.15' ],
66 silly audit   'node-exports-info': [ '1.6.0' ],
66 silly audit   'node-releases': [ '2.0.46' ],
66 silly audit   'normalize-path': [ '3.0.0' ],
66 silly audit   'object-assign': [ '4.1.1' ],
66 silly audit   'object-hash': [ '3.0.0' ],
66 silly audit   'object-inspect': [ '1.13.4' ],
66 silly audit   'object-keys': [ '1.1.1' ],
66 silly audit   'object.assign': [ '4.1.7' ],
66 silly audit   'object.entries': [ '1.1.9' ],
66 silly audit   'object.fromentries': [ '2.0.8' ],
66 silly audit   'object.groupby': [ '1.0.3' ],
66 silly audit   'object.values': [ '1.2.1' ],
66 silly audit   optionator: [ '0.9.4' ],
66 silly audit   'own-keys': [ '1.0.1' ],
66 silly audit   'p-limit': [ '3.1.0' ],
66 silly audit   'p-locate': [ '5.0.0' ],
66 silly audit   'parent-module': [ '1.0.1' ],
66 silly audit   'path-exists': [ '4.0.0' ],
66 silly audit   'path-key': [ '3.1.1' ],
66 silly audit   'path-parse': [ '1.0.7' ],
66 silly audit   pbf: [ '4.0.2' ],
66 silly audit   picocolors: [ '1.1.1' ],
66 silly audit   picomatch: [ '2.3.2', '4.0.4' ],
66 silly audit   pify: [ '2.3.0' ],
66 silly audit   pirates: [ '4.0.7' ],
66 silly audit   'possible-typed-array-names': [ '1.1.0' ],
66 silly audit   'postcss-import': [ '15.1.0' ],
66 silly audit   resolve: [ '1.22.12', '2.0.0-next.7' ],
66 silly audit   'postcss-js': [ '4.1.0' ],
66 silly audit   'postcss-load-config': [ '6.0.1' ],
66 silly audit   'postcss-nested': [ '6.2.0' ],
66 silly audit   'postcss-selector-parser': [ '6.1.2' ],
66 silly audit   'postcss-value-parser': [ '4.2.0' ],
66 silly audit   potpack: [ '2.1.0' ],
66 silly audit   'prelude-ls': [ '1.2.1' ],
66 silly audit   'prop-types': [ '15.8.1' ],
66 silly audit   'protocol-buffers-schema': [ '3.6.1' ],
66 silly audit   punycode: [ '2.3.1' ],
66 silly audit   'queue-microtask': [ '1.2.3' ],
66 silly audit   quickselect: [ '3.0.0' ],
66 silly audit   react: [ '18.3.1' ],
66 silly audit   'react-dom': [ '18.3.1' ],
66 silly audit   'react-is': [ '16.13.1' ],
66 silly audit   'react-remove-scroll': [ '2.7.2' ],
66 silly audit   'react-remove-scroll-bar': [ '2.3.8' ],
66 silly audit   'react-style-singleton': [ '2.2.3' ],
66 silly audit   'read-cache': [ '1.0.0' ],
66 silly audit   readdirp: [ '3.6.0' ],
66 silly audit   'reflect.getprototypeof': [ '1.0.10' ],
66 silly audit   'regexp.prototype.flags': [ '1.5.4' ],
66 silly audit   'resolve-from': [ '4.0.0' ],
66 silly audit   'resolve-pkg-maps': [ '1.0.0' ],
66 silly audit   'resolve-protobuf-schema': [ '2.1.0' ],
66 silly audit   reusify: [ '1.1.0' ],
66 silly audit   'run-parallel': [ '1.2.0' ],
66 silly audit   'safe-array-concat': [ '1.1.4' ],
66 silly audit   'safe-push-apply': [ '1.0.0' ],
66 silly audit   'safe-regex-test': [ '1.1.0' ],
66 silly audit   scheduler: [ '0.23.2' ],
66 silly audit   'set-function-length': [ '1.2.2' ],
66 silly audit   'set-function-name': [ '2.0.2' ],
66 silly audit   'set-proto': [ '1.0.0' ],
66 silly audit   sharp: [ '0.33.5' ],
66 silly audit   'shebang-command': [ '2.0.0' ],
66 silly audit   'shebang-regex': [ '3.0.0' ],
66 silly audit   'side-channel': [ '1.1.0' ],
66 silly audit   'side-channel-list': [ '1.0.1' ],
66 silly audit   'side-channel-map': [ '1.0.1' ],
66 silly audit   'side-channel-weakmap': [ '1.0.2' ],
66 silly audit   'simple-swizzle': [ '0.2.4' ],
66 silly audit   'source-map-js': [ '1.2.1' ],
66 silly audit   'stable-hash': [ '0.0.5' ],
66 silly audit   'stop-iteration-iterator': [ '1.1.0' ],
66 silly audit   streamsearch: [ '1.1.0' ],
66 silly audit   'string.prototype.includes': [ '2.0.1' ],
66 silly audit   'string.prototype.matchall': [ '4.0.12' ],
66 silly audit   'string.prototype.repeat': [ '1.0.0' ],
66 silly audit   'string.prototype.trim': [ '1.2.10' ],
66 silly audit   'string.prototype.trimend': [ '1.0.9' ],
66 silly audit   'string.prototype.trimstart': [ '1.0.8' ],
66 silly audit   'strip-bom': [ '3.0.0' ],
66 silly audit   'strip-json-comments': [ '3.1.1' ],
66 silly audit   'styled-jsx': [ '5.1.6' ],
66 silly audit   sucrase: [ '3.35.1' ],
66 silly audit   supercluster: [ '8.0.1' ],
66 silly audit   'supports-color': [ '7.2.0' ],
66 silly audit   'supports-preserve-symlinks-flag': [ '1.0.0' ],
66 silly audit   'tailwind-merge': [ '2.6.1' ],
66 silly audit   tailwindcss: [ '3.4.19' ],
66 silly audit   'tailwindcss-animate': [ '1.0.7' ],
66 silly audit   thenify: [ '3.3.1' ],
66 silly audit   'thenify-all': [ '1.6.0' ],
66 silly audit   tinyglobby: [ '0.2.16' ],
66 silly audit   fdir: [ '6.5.0' ],
66 silly audit   tinyqueue: [ '3.0.0' ],
66 silly audit   'to-regex-range': [ '5.0.1' ],
66 silly audit   'ts-api-utils': [ '2.5.0' ],
66 silly audit   'ts-interface-checker': [ '0.1.13' ],
66 silly audit   'tsconfig-paths': [ '3.15.0' ],
66 silly audit   tslib: [ '2.8.1' ],
66 silly audit   'type-check': [ '0.4.0' ],
66 silly audit   'typed-array-buffer': [ '1.0.3' ],
66 silly audit   'typed-array-byte-length': [ '1.0.3' ],
66 silly audit   'typed-array-byte-offset': [ '1.0.4' ],
66 silly audit   'typed-array-length': [ '1.0.7' ],
66 silly audit   typescript: [ '5.9.3' ],
66 silly audit   'unbox-primitive': [ '1.1.0' ],
66 silly audit   'undici-types': [ '6.21.0' ],
66 silly audit   'unrs-resolver': [ '1.12.2' ],
66 silly audit   'update-browserslist-db': [ '1.2.3' ],
66 silly audit   'uri-js': [ '4.4.1' ],
66 silly audit   'use-callback-ref': [ '1.3.3' ],
66 silly audit   'use-sidecar': [ '1.1.3' ],
66 silly audit   'util-deprecate': [ '1.0.2' ],
66 silly audit   which: [ '2.0.2' ],
66 silly audit   'which-boxed-primitive': [ '1.1.1' ],
66 silly audit   'which-builtin-type': [ '1.2.1' ],
66 silly audit   'which-collection': [ '1.0.2' ],
66 silly audit   'which-typed-array': [ '1.1.20' ],
66 silly audit   'word-wrap': [ '1.2.5' ],
66 silly audit   'yocto-queue': [ '0.1.0' ],
66 silly audit   '@hugeicons/core-free-icons': [ '4.1.4' ],
66 silly audit   '@hugeicons/react': [ '1.1.6' ],
66 silly audit   motion: [ '12.40.0' ]
66 silly audit }
67 http cache motion@https://registry.npmjs.org/motion/-/motion-12.40.0.tgz 1ms (cache hit)
68 http cache @hugeicons/react@https://registry.npmjs.org/@hugeicons/react/-/react-1.1.6.tgz 0ms (cache hit)
69 http cache @hugeicons/core-free-icons@https://registry.npmjs.org/@hugeicons/core-free-icons/-/core-free-icons-4.1.4.tgz 0ms (cache hit)
70 http cache framer-motion@https://registry.npmjs.org/framer-motion/-/framer-motion-12.40.0.tgz 0ms (cache hit)
71 http cache motion-utils@https://registry.npmjs.org/motion-utils/-/motion-utils-12.39.0.tgz 0ms (cache hit)
72 http cache motion-dom@https://registry.npmjs.org/motion-dom/-/motion-dom-12.40.0.tgz 0ms (cache hit)
73 silly tarball no local data for motion@https://registry.npmjs.org/motion/-/motion-12.40.0.tgz. Extracting by manifest.
74 silly tarball no local data for @hugeicons/react@https://registry.npmjs.org/@hugeicons/react/-/react-1.1.6.tgz. Extracting by manifest.
75 silly tarball no local data for @hugeicons/core-free-icons@https://registry.npmjs.org/@hugeicons/core-free-icons/-/core-free-icons-4.1.4.tgz. Extracting by manifest.
76 silly tarball no local data for framer-motion@https://registry.npmjs.org/framer-motion/-/framer-motion-12.40.0.tgz. Extracting by manifest.
77 silly tarball no local data for motion-utils@https://registry.npmjs.org/motion-utils/-/motion-utils-12.39.0.tgz. Extracting by manifest.
78 silly tarball no local data for motion-dom@https://registry.npmjs.org/motion-dom/-/motion-dom-12.40.0.tgz. Extracting by manifest.
79 http fetch GET 200 https://registry.npmjs.org/motion/-/motion-12.40.0.tgz 339ms (cache miss)
80 http fetch POST 200 https://registry.npmjs.org/-/npm/v1/security/advisories/bulk 492ms
81 silly audit report {
81 silly audit report   next: [
81 silly audit report     {
81 silly audit report       id: 1117931,
81 silly audit report       url: 'https://github.com/advisories/GHSA-8h8q-6873-q5fj',
81 silly audit report       title: 'Next.js Vulnerable to Denial of Service with Server Components',
81 silly audit report       severity: 'high',
81 silly audit report       vulnerable_versions: '>=13.0.0 <15.5.16',
81 silly audit report       cwe: [Array],
81 silly audit report       cvss: [Object]
81 silly audit report     },
81 silly audit report     {
81 silly audit report       id: 1101437,
81 silly audit report       url: 'https://github.com/advisories/GHSA-7m27-7ghc-44w9',
81 silly audit report       title: 'Next.js Allows a Denial of Service (DoS) with Server Actions',
81 silly audit report       severity: 'moderate',
81 silly audit report       vulnerable_versions: '>=15.0.0 <15.1.2',
81 silly audit report       cwe: [Array],
81 silly audit report       cvss: [Object]
81 silly audit report     },
81 silly audit report     {
81 silly audit report       id: 1105462,
81 silly audit report       url: 'https://github.com/advisories/GHSA-3h52-269p-cp9r',
81 silly audit report       title: 'Information exposure in Next.js dev server due to lack of origin verification',
81 silly audit report       severity: 'low',
81 silly audit report       vulnerable_versions: '>=15.0.0 <15.2.2',
81 silly audit report       cwe: [Array],
81 silly audit report       cvss: [Object]
81 silly audit report     },
81 silly audit report     {
81 silly audit report       id: 1111372,
81 silly audit report       url: 'https://github.com/advisories/GHSA-9qr9-h5gf-34mp',
81 silly audit report       title: 'Next.js is vulnerable to RCE in React flight protocol',
81 silly audit report       severity: 'critical',
81 silly audit report       vulnerable_versions: '>=14.3.0-canary.77 <15.0.5',
81 silly audit report       cwe: [Array],
81 silly audit report       cvss: [Object]
81 silly audit report     },
81 silly audit report     {
81 silly audit report       id: 1111381,
81 silly audit report       url: 'https://github.com/advisories/GHSA-w37m-7fhw-fmv9',
81 silly audit report       title: 'Next Server Actions Source Code Exposure ',
81 silly audit report       severity: 'moderate',
81 silly audit report       vulnerable_versions: '>=15.0.0-canary.0 <15.0.6',
81 silly audit report       cwe: [Array],
81 silly audit report       cvss: [Object]
81 silly audit report     },
81 silly audit report     {
81 silly audit report       id: 1111390,
81 silly audit report       url: 'https://github.com/advisories/GHSA-mwv6-3258-q52c',
81 silly audit report       title: 'Next Vulnerable to Denial of Service with Server Components',
81 silly audit report       severity: 'high',
81 silly audit report       vulnerable_versions: '>=15.0.0-canary.0 <15.0.6',
81 silly audit report       cwe: [Array],
81 silly audit report       cvss: [Object]
81 silly audit report     },
81 silly audit report     {
81 silly audit report       id: 1107228,
81 silly audit report       url: 'https://github.com/advisories/GHSA-g5qg-72qw-gw5v',
81 silly audit report       title: 'Next.js Affected by Cache Key Confusion for Image Optimization API Routes',
81 silly audit report       severity: 'moderate',
81 silly audit report       vulnerable_versions: '>=15.0.0 <=15.4.4',
81 silly audit report       cwe: [Array],
81 silly audit report       cvss: [Object]
81 silly audit report     },
81 silly audit report     {
81 silly audit report       id: 1107514,
81 silly audit report       url: 'https://github.com/advisories/GHSA-xv57-4mr9-wg8v',
81 silly audit report       title: 'Next.js Content Injection Vulnerability for Image Optimization',
81 silly audit report       severity: 'moderate',
81 silly audit report       vulnerable_versions: '>=15.0.0 <=15.4.4',
81 silly audit report       cwe: [Array],
81 silly audit report       cvss: [Object]
81 silly audit report     },
81 silly audit report     {
81 silly audit report       id: 1107515,
81 silly audit report       url: 'https://github.com/advisories/GHSA-4342-x723-ch2f',
81 silly audit report       title: 'Next.js Improper Middleware Redirect Handling Leads to SSRF',
81 silly audit report       severity: 'moderate',
81 silly audit report       vulnerable_versions: '>=15.0.0-canary.0 <15.4.7',
81 silly audit report       cwe: [Array],
81 silly audit report       cvss: [Object]
81 silly audit report     },
81 silly audit report     {
81 silly audit report       id: 1108410,
81 silly audit report       url: 'https://github.com/advisories/GHSA-qpjv-v59x-3qc4',
81 silly audit report       title: 'Next.js Race Condition to Cache Poisoning',
81 silly audit report       severity: 'low',
81 silly audit report       vulnerable_versions: '>=15.0.0 <15.1.6',
81 silly audit report       cwe: [Array],
81 silly audit report       cvss: [Object]
81 silly audit report     },
81 silly audit report     {
81 silly audit report       id: 1118942,
81 silly audit report       url: 'https://github.com/advisories/GHSA-3g8h-86w9-wvmq',
81 silly audit report       title: "Next.js's Middleware / Proxy redirects can be cache-poisoned",
81 silly audit report       severity: 'low',
81 silly audit report       vulnerable_versions: '>=12.2.0 <15.5.16',
81 silly audit report       cwe: [Array],
81 silly audit report       cvss: [Object]
81 silly audit report     },
81 silly audit report     {
81 silly audit report       id: 1118944,
81 silly audit report       url: 'https://github.com/advisories/GHSA-ffhc-5mcf-pf4q',
81 silly audit report       title: 'Next.js vulnerable to cross-site scripting in App Router applications using CSP nonces',
81 silly audit report       severity: 'moderate',
81 silly audit report       vulnerable_versions: '>=13.4.0 <15.5.16',
81 silly audit report       cwe: [Array],
81 silly audit report       cvss: [Object]
81 silly audit report     },
81 silly audit report     {
81 silly audit report       id: 1118946,
81 silly audit report       url: 'https://github.com/advisories/GHSA-vfv6-92ff-j949',
81 silly audit report       title: 'Next.js vulnerable to cache poisoning via collisions in React Server Component cache-busting',
81 silly audit report       severity: 'low',
81 silly audit report       vulnerable_versions: '>=13.4.6 <15.5.16',
81 silly audit report       cwe: [Array],
81 silly audit report       cvss: [Object]
81 silly audit report     },
81 silly audit report     {
81 silly audit report       id: 1118948,
81 silly audit report       url: 'https://github.com/advisories/GHSA-gx5p-jg67-6x7h',
81 silly audit report       title: 'Next.js has cross-site scripting in beforeInteractive scripts with untrusted input',
81 silly audit report       severity: 'moderate',
81 silly audit report       vulnerable_versions: '>=13.0.0 <15.5.16',
81 silly audit report       cwe: [Array],
81 silly audit report       cvss: [Object]
81 silly audit report     },
81 silly audit report     {
81 silly audit report       id: 1118950,
81 silly audit report       url: 'https://github.com/advisories/GHSA-mg66-mrh9-m8jx',
81 silly audit report       title: 'Next.js vulnerable to Denial of Service via connection exhaustion in applications using Cache Components',
81 silly audit report       severity: 'high',
81 silly audit report       vulnerable_versions: '>=15.0.0 <15.5.16',
81 silly audit report       cwe: [Array],
81 silly audit report       cvss: [Object]
81 silly audit report     },
81 silly audit report     {
81 silly audit report       id: 1118952,
81 silly audit report       url: 'https://github.com/advisories/GHSA-h64f-5h5j-jqjh',
81 silly audit report       title: 'Next.js has a Denial of Service in the Image Optimization API',
81 silly audit report       severity: 'moderate',
81 silly audit report       vulnerable_versions: '>=10.0.0 <15.5.16',
81 silly audit report       cwe: [Array],
81 silly audit report       cvss: [Object]
81 silly audit report     },
81 silly audit report     {
81 silly audit report       id: 1118954,
81 silly audit report       url: 'https://github.com/advisories/GHSA-c4j6-fc7j-m34r',
81 silly audit report       title: 'Next.js vulnerable to server-side request forgery in applications using WebSocket upgrades',
81 silly audit report       severity: 'high',
81 silly audit report       vulnerable_versions: '>=13.4.13 <15.5.16',
81 silly audit report       cwe: [Array],
81 silly audit report       cvss: [Object]
81 silly audit report     },
81 silly audit report     {
81 silly audit report       id: 1118958,
81 silly audit report       url: 'https://github.com/advisories/GHSA-wfc6-r584-vfw7',
81 silly audit report       title: 'Next.js vulnerable to cache poisoning in React Server Component responses',
81 silly audit report       severity: 'moderate',
81 silly audit report       vulnerable_versions: '>=14.2.0 <15.5.16',
81 silly audit report       cwe: [Array],
81 silly audit report       cvss: [Object]
81 silly audit report     },
81 silly audit report     {
81 silly audit report       id: 1118962,
81 silly audit report       url: 'https://github.com/advisories/GHSA-36qx-fr4f-26g5',
81 silly audit report       title: 'Next.js has a Middleware / Proxy bypass in Pages Router applications using i18n',
81 silly audit report       severity: 'high',
81 silly audit report       vulnerable_versions: '>=12.2.0 <15.5.16',
81 silly audit report       cwe: [Array],
81 silly audit report       cvss: [Object]
81 silly audit report     },
81 silly audit report     {
81 silly audit report       id: 1112593,
81 silly audit report       url: 'https://github.com/advisories/GHSA-9g9p-9gw9-jx7f',
81 silly audit report       title: 'Next.js self-hosted applications vulnerable to DoS via Image Optimizer remotePatterns configuration',
81 silly audit report       severity: 'moderate',
81 silly audit report       vulnerable_versions: '>=10.0.0 <15.5.10',
81 silly audit report       cwe: [Array],
81 silly audit report       cvss: [Object]
81 silly audit report     },
81 silly audit report     {
81 silly audit report       id: 1112653,
81 silly audit report       url: 'https://github.com/advisories/GHSA-h25m-26qc-wcjf',
81 silly audit report       title: 'Next.js HTTP request deserialization can lead to DoS when using insecure React Server Components',
81 silly audit report       severity: 'high',
81 silly audit report       vulnerable_versions: '>=13.0.0 <15.0.8',
81 silly audit report       cwe: [Array],
81 silly audit report       cvss: [Object]
81 silly audit report     },
81 silly audit report     {
81 silly audit report       id: 1113688,
81 silly audit report       url: 'https://github.com/advisories/GHSA-f82v-jwr5-mffw',
81 silly audit report       title: 'Authorization Bypass in Next.js Middleware',
81 silly audit report       severity: 'critical',
81 silly audit report       vulnerable_versions: '>=15.0.0 <15.2.3',
81 silly audit report       cwe: [Array],
81 silly audit report       cvss: [Object]
81 silly audit report     },
81 silly audit report     {
81 silly audit report       id: 1114897,
81 silly audit report       url: 'https://github.com/advisories/GHSA-ggv3-7p47-pfv8',
81 silly audit report       title: 'Next.js: HTTP request smuggling in rewrites',
81 silly audit report       severity: 'moderate',
81 silly audit report       vulnerable_versions: '>=9.5.0 <15.5.13',
81 silly audit report       cwe: [Array],
81 silly audit report       cvss: [Object]
81 silly audit report     },
81 silly audit report     {
81 silly audit report       id: 1114940,
81 silly audit report       url: 'https://github.com/advisories/GHSA-3x4c-7xq6-9pq8',
81 silly audit report       title: 'Next.js: Unbounded next/image disk cache growth can exhaust storage',
81 silly audit report       severity: 'moderate',
81 silly audit report       vulnerable_versions: '>=10.0.0 <15.5.14',
81 silly audit report       cwe: [Array],
81 silly audit report       cvss: [Object]
81 silly audit report     },
81 silly audit report     {
81 silly audit report       id: 1116376,
81 silly audit report       url: 'https://github.com/advisories/GHSA-q4gf-8mx6-v5v3',
81 silly audit report       title: 'Next.js has a Denial of Service with Server Components',
81 silly audit report       severity: 'high',
81 silly audit report       vulnerable_versions: '>=13.0.0 <15.5.15',
81 silly audit report       cwe: [Array],
81 silly audit report       cvss: [Object]
81 silly audit report     }
81 silly audit report   ],
81 silly audit report   postcss: [
81 silly audit report     {
81 silly audit report       id: 1117015,
81 silly audit report       url: 'https://github.com/advisories/GHSA-qx2v-qp2m-jg93',
81 silly audit report       title: 'PostCSS has XSS via Unescaped </style> in its CSS Stringify Output',
81 silly audit report       severity: 'moderate',
81 silly audit report       vulnerable_versions: '<8.5.10',
81 silly audit report       cwe: [Array],
81 silly audit report       cvss: [Object]
81 silly audit report     }
81 silly audit report   ]
81 silly audit report }
82 silly packumentCache corgi:https://registry.npmjs.org/next cache-miss
83 silly packumentCache corgi:https://registry.npmjs.org/postcss cache-miss
84 http fetch GET 200 https://registry.npmjs.org/postcss 424ms (cache miss)
85 silly packumentCache corgi:https://registry.npmjs.org/postcss set size:undefined disposed:false
86 http fetch GET 200 https://registry.npmjs.org/@hugeicons/react/-/react-1.1.6.tgz 1021ms (cache miss)
87 http fetch GET 200 https://registry.npmjs.org/motion-utils/-/motion-utils-12.39.0.tgz 1303ms (cache miss)
88 http fetch GET 200 https://registry.npmjs.org/next 2293ms (cache miss)
89 silly packumentCache corgi:https://registry.npmjs.org/next set size:undefined disposed:false
90 http fetch GET 200 https://registry.npmjs.org/framer-motion/-/framer-motion-12.40.0.tgz 13341ms (cache miss)
91 http fetch GET 200 https://registry.npmjs.org/motion-dom/-/motion-dom-12.40.0.tgz 13520ms (cache miss)
92 http fetch GET 200 https://registry.npmjs.org/@hugeicons/core-free-icons/-/core-free-icons-4.1.4.tgz 25445ms (cache miss)
93 silly ADD node_modules/motion
94 silly ADD node_modules/motion/node_modules/motion-utils
95 silly ADD node_modules/motion/node_modules/motion-dom
96 silly ADD node_modules/motion/node_modules/framer-motion
97 silly ADD node_modules/@hugeicons/react
98 silly ADD node_modules/@hugeicons/core-free-icons
99 verbose cwd /Users/ken/Desktop/Gas
100 verbose os Darwin 23.6.0
101 verbose node v24.16.0
102 verbose npm  v11.13.0
103 notice
103 notice New minor version of npm available! 11.13.0 -> 11.15.0
103 notice Changelog: https://github.com/npm/cli/releases/tag/v11.15.0
103 notice To update run: npm install -g npm@11.15.0
103 notice  { force: true, Symbol(proc-log.meta): true }
104 verbose exit 0
105 info ok
